This file contains any messages produced by compilers while
running configure, to aid debugging if configure makes a mistake.

It was created by poker-eval configure 134.0, which was
generated by GNU Autoconf 2.69.  Invocation command line was

  $ ./configure --disable-shared --enable-debug

## --------- ##
## Platform. ##
## --------- ##

hostname = LAPTOP-64BM8OU2
uname -m = x86_64
uname -r = 4.4.0-19041-Microsoft
uname -s = Linux
uname -v = #1237-Microsoft Sat Sep 11 14:32:00 PST 2021

/usr/bin/uname -p = x86_64
/bin/uname -X     = unknown

/bin/arch              = x86_64
/usr/bin/arch -k       = unknown
/usr/convex/getsysinfo = unknown
/usr/bin/hostinfo      = unknown
/bin/machine           = unknown
/usr/bin/oslevel       = unknown
/bin/universe          = unknown

PATH: /usr/local/sbin
PATH: /usr/local/bin
PATH: /usr/sbin
PATH: /usr/bin
PATH: /sbin
PATH: /bin
PATH: /usr/games
PATH: /usr/local/games
PATH: /mnt/c/Program Files/WindowsApps/CanonicalGroupLimited.UbuntuonWindows_2004.2021.825.0_x64__79rhkp1fndgsc
PATH: /mnt/c/WINDOWS/system32
PATH: /mnt/c/WINDOWS
PATH: /mnt/c/WINDOWS/System32/Wbem
PATH: /mnt/c/WINDOWS/System32/WindowsPowerShell/v1.0/
PATH: /mnt/c/WINDOWS/System32/OpenSSH/
PATH: /mnt/c/Program Files (x86)/Calibre2/
PATH: /mnt/c/MinGW/bin
PATH: /mnt/c/Program Files/Git/cmd
PATH: /mnt/c/Program Files/PuTTY/
PATH: /mnt/c/Program Files/dotnet/
PATH: /mnt/c/Program Files (x86)/Java/java17/bin
PATH: /mnt/c/Users/caitl/AppData/Local/Microsoft/WindowsApps
PATH: /mnt/c/Users/caitl/AppData/Local/Programs/Microsoft VS Code/bin
PATH: /mnt/c/Users/caitl/.dotnet/tools
PATH: /snap/bin


## ----------- ##
## Core tests. ##
## ----------- ##

configure:2502: checking build system type
configure:2516: result: x86_64-unknown-linux-gnu
configure:2536: checking host system type
configure:2549: result: x86_64-unknown-linux-gnu
configure:2569: checking target system type
configure:2582: result: x86_64-unknown-linux-gnu
configure:2625: checking for a BSD-compatible install
configure:2693: result: /usr/bin/install -c
configure:2704: checking whether build environment is sane
configure:2759: result: yes
configure:2795: WARNING: 'missing' script is too old or missing
configure:2908: checking for a thread-safe mkdir -p
configure:2947: result: /usr/bin/mkdir -p
configure:2954: checking for gawk
configure:2970: found /usr/bin/gawk
configure:2981: result: gawk
configure:2992: checking whether make sets $(MAKE)
configure:3014: result: yes
configure:3043: checking whether make supports nested variables
configure:3060: result: yes
configure:3191: checking whether make sets $(MAKE)
configure:3213: result: yes
configure:3226: checking whether make supports the include directive
configure:3241: make -f confmf.GNU && cat confinc.out
this is the am__doit target
configure:3244: $? = 0
configure:3263: result: yes (GNU style)
configure:3333: checking for gcc
configure:3349: found /usr/bin/gcc
configure:3360: result: gcc
configure:3589: checking for C compiler version
configure:3598: gcc --version >&5
gcc (Ubuntu 9.3.0-17ubuntu1~20.04) 9.3.0
Copyright (C) 2019 Free Software Foundation, Inc.
This is free software; see the source for copying conditions.  There is NO
warranty; not even for MERCHANTABILITY or FITNESS FOR A PARTICULAR PURPOSE.

configure:3609: $? = 0
configure:3598: gcc -v >&5
Using built-in specs.
COLLECT_GCC=gcc
COLLECT_LTO_WRAPPER=/usr/lib/gcc/x86_64-linux-gnu/9/lto-wrapper
OFFLOAD_TARGET_NAMES=nvptx-none:hsa
OFFLOAD_TARGET_DEFAULT=1
Target: x86_64-linux-gnu
Configured with: ../src/configure -v --with-pkgversion='Ubuntu 9.3.0-17ubuntu1~20.04' --with-bugurl=file:///usr/share/doc/gcc-9/README.Bugs --enable-languages=c,ada,c++,go,brig,d,fortran,objc,obj-c++,gm2 --prefix=/usr --with-gcc-major-version-only --program-suffix=-9 --program-prefix=x86_64-linux-gnu- --enable-shared --enable-linker-build-id --libexecdir=/usr/lib --without-included-gettext --enable-threads=posix --libdir=/usr/lib --enable-nls --enable-clocale=gnu --enable-libstdcxx-debug --enable-libstdcxx-time=yes --with-default-libstdcxx-abi=new --enable-gnu-unique-object --disable-vtable-verify --enable-plugin --enable-default-pie --with-system-zlib --with-target-system-zlib=auto --enable-objc-gc=auto --enable-multiarch --disable-werror --with-arch-32=i686 --with-abi=m64 --with-multilib-list=m32,m64,mx32 --enable-multilib --with-tune=generic --enable-offload-targets=nvptx-none=/build/gcc-9-HskZEa/gcc-9-9.3.0/debian/tmp-nvptx/usr,hsa --without-cuda-driver --enable-checking=release --build=x86_64-linux-gnu --host=x86_64-linux-gnu --target=x86_64-linux-gnu
Thread model: posix
gcc version 9.3.0 (Ubuntu 9.3.0-17ubuntu1~20.04) 
configure:3609: $? = 0
configure:3598: gcc -V >&5
gcc: error: unrecognized command line option '-V'
gcc: fatal error: no input files
compilation terminated.
configure:3609: $? = 1
configure:3598: gcc -qversion >&5
gcc: error: unrecognized command line option '-qversion'; did you mean '--version'?
gcc: fatal error: no input files
compilation terminated.
configure:3609: $? = 1
configure:3629: checking whether the C compiler works
configure:3651: gcc -O0 -g   conftest.c  >&5
configure:3655: $? = 0
configure:3703: result: yes
configure:3706: checking for C compiler default output file name
configure:3708: result: a.out
configure:3714: checking for suffix of executables
configure:3721: gcc -o conftest -O0 -g   conftest.c  >&5
configure:3725: $? = 0
configure:3747: result: 
configure:3769: checking whether we are cross compiling
configure:3777: gcc -o conftest -O0 -g   conftest.c  >&5
configure:3781: $? = 0
configure:3788: ./conftest
configure:3792: $? = 0
configure:3780: result: no
configure:3785: checking for suffix of object files
configure:3807: gcc -c -O0 -g  conftest.c >&5
configure:3811: $? = 0
configure:3832: result: o
configure:3836: checking whether we are using the GNU C compiler
configure:3855: gcc -c -O0 -g  conftest.c >&5
configure:3855: $? = 0
configure:3864: result: yes
configure:3873: checking whether gcc accepts -g
configure:3893: gcc -c -g  conftest.c >&5
configure:3893: $? = 0
configure:3934: result: yes
configure:3951: checking for gcc option to accept ISO C89
configure:4014: gcc  -c -O0 -g  conftest.c >&5
configure:4014: $? = 0
configure:4027: result: none needed
configure:4052: checking whether gcc understands -c and -o together
configure:4074: gcc -c conftest.c -o conftest2.o
configure:4077: $? = 0
configure:4074: gcc -c conftest.c -o conftest2.o
configure:4077: $? = 0
configure:4089: result: yes
configure:4108: checking dependency style of gcc
configure:4219: result: gcc3
configure:4240: checking how to run the C preprocessor
configure:4271: gcc -E  conftest.c
configure:4271: $? = 0
configure:4285: gcc -E  conftest.c
conftest.c:11:10: fatal error: ac_nonexistent.h: No such file or directory
   11 | #include <ac_nonexistent.h>
      |          ^~~~~~~~~~~~~~~~~~
compilation terminated.
configure:4285: $? = 1
configure: failed program was:
| /* confdefs.h */
| #define PACKAGE_NAME "poker-eval"
| #define PACKAGE_TARNAME "poker-eval"
| #define PACKAGE_VERSION "134.0"
| #define PACKAGE_STRING "poker-eval 134.0"
| #define PACKAGE_BUGREPORT ""
| #define PACKAGE_URL ""
| #define PACKAGE "poker-eval"
| #define VERSION "134.0"
| /* end confdefs.h.  */
| #include <ac_nonexistent.h>
configure:4310: result: gcc -E
configure:4330: gcc -E  conftest.c
configure:4330: $? = 0
configure:4344: gcc -E  conftest.c
conftest.c:11:10: fatal error: ac_nonexistent.h: No such file or directory
   11 | #include <ac_nonexistent.h>
      |          ^~~~~~~~~~~~~~~~~~
compilation terminated.
configure:4344: $? = 1
configure: failed program was:
| /* confdefs.h */
| #define PACKAGE_NAME "poker-eval"
| #define PACKAGE_TARNAME "poker-eval"
| #define PACKAGE_VERSION "134.0"
| #define PACKAGE_STRING "poker-eval 134.0"
| #define PACKAGE_BUGREPORT ""
| #define PACKAGE_URL ""
| #define PACKAGE "poker-eval"
| #define VERSION "134.0"
| /* end confdefs.h.  */
| #include <ac_nonexistent.h>
configure:4373: checking for grep that handles long lines and -e
configure:4431: result: /usr/bin/grep
configure:4436: checking for egrep
configure:4498: result: /usr/bin/grep -E
configure:4503: checking for ANSI C header files
configure:4523: gcc -c -O0 -g  conftest.c >&5
configure:4523: $? = 0
configure:4596: gcc -o conftest -O0 -g   conftest.c  >&5
configure:4596: $? = 0
configure:4596: ./conftest
configure:4596: $? = 0
configure:4607: result: yes
configure:4620: checking for sys/types.h
configure:4620: gcc -c -O0 -g  conftest.c >&5
configure:4620: $? = 0
configure:4620: result: yes
configure:4620: checking for sys/stat.h
configure:4620: gcc -c -O0 -g  conftest.c >&5
configure:4620: $? = 0
configure:4620: result: yes
configure:4620: checking for stdlib.h
configure:4620: gcc -c -O0 -g  conftest.c >&5
configure:4620: $? = 0
configure:4620: result: yes
configure:4620: checking for string.h
configure:4620: gcc -c -O0 -g  conftest.c >&5
configure:4620: $? = 0
configure:4620: result: yes
configure:4620: checking for memory.h
configure:4620: gcc -c -O0 -g  conftest.c >&5
configure:4620: $? = 0
configure:4620: result: yes
configure:4620: checking for strings.h
configure:4620: gcc -c -O0 -g  conftest.c >&5
configure:4620: $? = 0
configure:4620: result: yes
configure:4620: checking for inttypes.h
configure:4620: gcc -c -O0 -g  conftest.c >&5
configure:4620: $? = 0
configure:4620: result: yes
configure:4620: checking for stdint.h
configure:4620: gcc -c -O0 -g  conftest.c >&5
configure:4620: $? = 0
configure:4620: result: yes
configure:4620: checking for unistd.h
configure:4620: gcc -c -O0 -g  conftest.c >&5
configure:4620: $? = 0
configure:4620: result: yes
configure:4633: checking minix/config.h usability
configure:4633: gcc -c -O0 -g  conftest.c >&5
conftest.c:54:10: fatal error: minix/config.h: No such file or directory
   54 | #include <minix/config.h>
      |          ^~~~~~~~~~~~~~~~
compilation terminated.
configure:4633: $? = 1
configure: failed program was:
| /* confdefs.h */
| #define PACKAGE_NAME "poker-eval"
| #define PACKAGE_TARNAME "poker-eval"
| #define PACKAGE_VERSION "134.0"
| #define PACKAGE_STRING "poker-eval 134.0"
| #define PACKAGE_BUGREPORT ""
| #define PACKAGE_URL ""
| #define PACKAGE "poker-eval"
| #define VERSION "134.0"
| #define STDC_HEADERS 1
| #define HAVE_SYS_TYPES_H 1
| #define HAVE_SYS_STAT_H 1
| #define HAVE_STDLIB_H 1
| #define HAVE_STRING_H 1
| #define HAVE_MEMORY_H 1
| #define HAVE_STRINGS_H 1
| #define HAVE_INTTYPES_H 1
| #define HAVE_STDINT_H 1
| #define HAVE_UNISTD_H 1
| /* end confdefs.h.  */
| #include <stdio.h>
| #ifdef HAVE_SYS_TYPES_H
| # include <sys/types.h>
| #endif
| #ifdef HAVE_SYS_STAT_H
| # include <sys/stat.h>
| #endif
| #ifdef STDC_HEADERS
| # include <stdlib.h>
| # include <stddef.h>
| #else
| # ifdef HAVE_STDLIB_H
| #  include <stdlib.h>
| # endif
| #endif
| #ifdef HAVE_STRING_H
| # if !defined STDC_HEADERS && defined HAVE_MEMORY_H
| #  include <memory.h>
| # endif
| # include <string.h>
| #endif
| #ifdef HAVE_STRINGS_H
| # include <strings.h>
| #endif
| #ifdef HAVE_INTTYPES_H
| # include <inttypes.h>
| #endif
| #ifdef HAVE_STDINT_H
| # include <stdint.h>
| #endif
| #ifdef HAVE_UNISTD_H
| # include <unistd.h>
| #endif
| #include <minix/config.h>
configure:4633: result: no
configure:4633: checking minix/config.h presence
configure:4633: gcc -E  conftest.c
conftest.c:21:10: fatal error: minix/config.h: No such file or directory
   21 | #include <minix/config.h>
      |          ^~~~~~~~~~~~~~~~
compilation terminated.
configure:4633: $? = 1
configure: failed program was:
| /* confdefs.h */
| #define PACKAGE_NAME "poker-eval"
| #define PACKAGE_TARNAME "poker-eval"
| #define PACKAGE_VERSION "134.0"
| #define PACKAGE_STRING "poker-eval 134.0"
| #define PACKAGE_BUGREPORT ""
| #define PACKAGE_URL ""
| #define PACKAGE "poker-eval"
| #define VERSION "134.0"
| #define STDC_HEADERS 1
| #define HAVE_SYS_TYPES_H 1
| #define HAVE_SYS_STAT_H 1
| #define HAVE_STDLIB_H 1
| #define HAVE_STRING_H 1
| #define HAVE_MEMORY_H 1
| #define HAVE_STRINGS_H 1
| #define HAVE_INTTYPES_H 1
| #define HAVE_STDINT_H 1
| #define HAVE_UNISTD_H 1
| /* end confdefs.h.  */
| #include <minix/config.h>
configure:4633: result: no
configure:4633: checking for minix/config.h
configure:4633: result: no
configure:4654: checking whether it is safe to define __EXTENSIONS__
configure:4672: gcc -c -O0 -g  conftest.c >&5
configure:4672: $? = 0
configure:4679: result: yes
configure:4699: checking how to run the C preprocessor
configure:4769: result: gcc -E
configure:4789: gcc -E  conftest.c
configure:4789: $? = 0
configure:4803: gcc -E  conftest.c
conftest.c:26:10: fatal error: ac_nonexistent.h: No such file or directory
   26 | #include <ac_nonexistent.h>
      |          ^~~~~~~~~~~~~~~~~~
compilation terminated.
configure:4803: $? = 1
configure: failed program was:
| /* confdefs.h */
| #define PACKAGE_NAME "poker-eval"
| #define PACKAGE_TARNAME "poker-eval"
| #define PACKAGE_VERSION "134.0"
| #define PACKAGE_STRING "poker-eval 134.0"
| #define PACKAGE_BUGREPORT ""
| #define PACKAGE_URL ""
| #define PACKAGE "poker-eval"
| #define VERSION "134.0"
| #define STDC_HEADERS 1
| #define HAVE_SYS_TYPES_H 1
| #define HAVE_SYS_STAT_H 1
| #define HAVE_STDLIB_H 1
| #define HAVE_STRING_H 1
| #define HAVE_MEMORY_H 1
| #define HAVE_STRINGS_H 1
| #define HAVE_INTTYPES_H 1
| #define HAVE_STDINT_H 1
| #define HAVE_UNISTD_H 1
| #define __EXTENSIONS__ 1
| #define _ALL_SOURCE 1
| #define _GNU_SOURCE 1
| #define _POSIX_PTHREAD_SEMANTICS 1
| #define _TANDEM_SOURCE 1
| /* end confdefs.h.  */
| #include <ac_nonexistent.h>
configure:4879: checking for gcc
configure:4906: result: gcc
configure:5135: checking for C compiler version
configure:5144: gcc --version >&5
gcc (Ubuntu 9.3.0-17ubuntu1~20.04) 9.3.0
Copyright (C) 2019 Free Software Foundation, Inc.
This is free software; see the source for copying conditions.  There is NO
warranty; not even for MERCHANTABILITY or FITNESS FOR A PARTICULAR PURPOSE.

configure:5155: $? = 0
configure:5144: gcc -v >&5
Using built-in specs.
COLLECT_GCC=gcc
COLLECT_LTO_WRAPPER=/usr/lib/gcc/x86_64-linux-gnu/9/lto-wrapper
OFFLOAD_TARGET_NAMES=nvptx-none:hsa
OFFLOAD_TARGET_DEFAULT=1
Target: x86_64-linux-gnu
Configured with: ../src/configure -v --with-pkgversion='Ubuntu 9.3.0-17ubuntu1~20.04' --with-bugurl=file:///usr/share/doc/gcc-9/README.Bugs --enable-languages=c,ada,c++,go,brig,d,fortran,objc,obj-c++,gm2 --prefix=/usr --with-gcc-major-version-only --program-suffix=-9 --program-prefix=x86_64-linux-gnu- --enable-shared --enable-linker-build-id --libexecdir=/usr/lib --without-included-gettext --enable-threads=posix --libdir=/usr/lib --enable-nls --enable-clocale=gnu --enable-libstdcxx-debug --enable-libstdcxx-time=yes --with-default-libstdcxx-abi=new --enable-gnu-unique-object --disable-vtable-verify --enable-plugin --enable-default-pie --with-system-zlib --with-target-system-zlib=auto --enable-objc-gc=auto --enable-multiarch --disable-werror --with-arch-32=i686 --with-abi=m64 --with-multilib-list=m32,m64,mx32 --enable-multilib --with-tune=generic --enable-offload-targets=nvptx-none=/build/gcc-9-HskZEa/gcc-9-9.3.0/debian/tmp-nvptx/usr,hsa --without-cuda-driver --enable-checking=release --build=x86_64-linux-gnu --host=x86_64-linux-gnu --target=x86_64-linux-gnu
Thread model: posix
gcc version 9.3.0 (Ubuntu 9.3.0-17ubuntu1~20.04) 
configure:5155: $? = 0
configure:5144: gcc -V >&5
gcc: error: unrecognized command line option '-V'
gcc: fatal error: no input files
compilation terminated.
configure:5155: $? = 1
configure:5144: gcc -qversion >&5
gcc: error: unrecognized command line option '-qversion'; did you mean '--version'?
gcc: fatal error: no input files
compilation terminated.
configure:5155: $? = 1
configure:5159: checking whether we are using the GNU C compiler
configure:5187: result: yes
configure:5196: checking whether gcc accepts -g
configure:5257: result: yes
configure:5274: checking for gcc option to accept ISO C89
configure:5350: result: none needed
configure:5375: checking whether gcc understands -c and -o together
configure:5412: result: yes
configure:5431: checking dependency style of gcc
configure:5542: result: gcc3
configure:5603: checking how to print strings
configure:5630: result: printf
configure:5651: checking for a sed that does not truncate output
configure:5715: result: /usr/bin/sed
configure:5733: checking for fgrep
configure:5795: result: /usr/bin/grep -F
configure:5830: checking for ld used by gcc
configure:5897: result: /usr/bin/ld
configure:5904: checking if the linker (/usr/bin/ld) is GNU ld
configure:5919: result: yes
configure:5931: checking for BSD- or MS-compatible name lister (nm)
configure:5985: result: /usr/bin/nm -B
configure:6115: checking the name lister (/usr/bin/nm -B) interface
configure:6122: gcc -c -O0 -g  conftest.c >&5
configure:6125: /usr/bin/nm -B "conftest.o"
configure:6128: output
0000000000000000 B some_variable
configure:6129: result: BSD nm
configure:6132: checking whether ln -s works
configure:6136: result: yes
configure:6144: checking the maximum length of command line arguments
configure:6275: result: 1572864
configure:6323: checking how to convert x86_64-unknown-linux-gnu file names to x86_64-unknown-linux-gnu format
configure:6363: result: func_convert_file_noop
configure:6370: checking how to convert x86_64-unknown-linux-gnu file names to toolchain format
configure:6390: result: func_convert_file_noop
configure:6397: checking for /usr/bin/ld option to reload object files
configure:6404: result: -r
configure:6478: checking for objdump
configure:6494: found /usr/bin/objdump
configure:6505: result: objdump
configure:6537: checking how to recognize dependent libraries
configure:6737: result: pass_all
configure:6822: checking for dlltool
configure:6852: result: no
configure:6882: checking how to associate runtime and link libraries
configure:6909: result: printf %s\n
configure:6969: checking for ar
configure:6985: found /usr/bin/ar
configure:6996: result: ar
configure:7033: checking for archiver @FILE support
configure:7050: gcc -c -O0 -g  conftest.c >&5
configure:7050: $? = 0
configure:7053: ar cr libconftest.a @conftest.lst >&5
configure:7056: $? = 0
configure:7061: ar cr libconftest.a @conftest.lst >&5
ar: conftest.o: No such file or directory
configure:7064: $? = 1
configure:7063: result: @
configure:7121: checking for strip
configure:7137: found /usr/bin/strip
configure:7148: result: strip
configure:7220: checking for ranlib
configure:7236: found /usr/bin/ranlib
configure:7247: result: ranlib
configure:7349: checking command to parse /usr/bin/nm -B output from gcc object
configure:7502: gcc -c -O0 -g  conftest.c >&5
configure:7505: $? = 0
configure:7509: /usr/bin/nm -B conftest.o | sed -n -e 's/^.*[	 ]\([ABCDGIRSTW][ABCDGIRSTW]*\)[	 ][	 ]*\([_A-Za-z][_A-Za-z0-9]*\)$/\1 \2 \2/p' | sed '/ __gnu_lto/d' > conftest.nm
configure:7575: gcc -o conftest -O0 -g   conftest.c conftstm.o >&5
configure:7578: $? = 0
configure:7616: result: ok
configure:7663: checking for sysroot
configure:7693: result: no
configure:7700: checking for a working dd
configure:7738: result: /usr/bin/dd
configure:7742: checking how to truncate binary pipes
configure:7757: result: /usr/bin/dd bs=4096 count=1
configure:7893: gcc -c -O0 -g  conftest.c >&5
configure:7896: $? = 0
configure:8086: checking for mt
configure:8102: found /usr/bin/mt
configure:8113: result: mt
configure:8136: checking if mt is a manifest tool
configure:8142: mt '-?'
configure:8150: result: no
configure:8824: checking for dlfcn.h
configure:8824: gcc -c -O0 -g  conftest.c >&5
configure:8824: $? = 0
configure:8824: result: yes
configure:9080: checking for objdir
configure:9095: result: .libs
configure:9359: checking if gcc supports -fno-rtti -fno-exceptions
configure:9377: gcc -c -O0 -g  -fno-rtti -fno-exceptions conftest.c >&5
cc1: warning: command line option '-fno-rtti' is valid for C++/D/ObjC++ but not for C
configure:9381: $? = 0
configure:9394: result: no
configure:9758: checking for gcc option to produce PIC
configure:9765: result: -fPIC -DPIC
configure:9773: checking if gcc PIC flag -fPIC -DPIC works
configure:9791: gcc -c -O0 -g  -fPIC -DPIC -DPIC conftest.c >&5
configure:9795: $? = 0
configure:9808: result: yes
configure:9837: checking if gcc static flag -static works
configure:9865: result: yes
configure:9880: checking if gcc supports -c -o file.o
configure:9901: gcc -c -O0 -g  -o out/conftest2.o conftest.c >&5
configure:9905: $? = 0
configure:9927: result: yes
configure:9935: checking if gcc supports -c -o file.o
configure:9982: result: yes
configure:10015: checking whether the gcc linker (/usr/bin/ld -m elf_x86_64) supports shared libraries
configure:11278: result: yes
configure:11518: checking dynamic linker characteristics
configure:12099: gcc -o conftest -O0 -g   -Wl,-rpath -Wl,/foo conftest.c  >&5
configure:12099: $? = 0
configure:12348: result: GNU/Linux ld.so
configure:12470: checking how to hardcode library paths into programs
configure:12495: result: immediate
configure:13043: checking whether stripping libraries is possible
configure:13048: result: yes
configure:13083: checking if libtool supports shared libraries
configure:13085: result: yes
configure:13088: checking whether to build shared libraries
configure:13113: result: no
configure:13116: checking whether to build static libraries
configure:13120: result: yes
configure:9935: checking for awk
configure:9953: found /usr/bin/awk
configure:9965: result: /usr/bin/awk
configure:9975: checking for md5sum
configure:9993: found /usr/bin/md5sum
configure:10005: result: /usr/bin/md5sum
configure:10015: checking for valgrind
configure:10048: result: no
configure:10073: checking for library containing strerror
configure:10104: gcc -o conftest -O0 -g   conftest.c  >&5
configure:10104: $? = 0
configure:10121: result: none required
configure:10129: checking for ANSI C header files
configure:10233: result: yes
configure:10241: checking for inline
configure:10257: gcc -c -O0 -g  conftest.c >&5
configure:10257: $? = 0
configure:10265: result: inline
configure:10284: checking for an ANSI C-conforming const
configure:10350: gcc -c -O0 -g  conftest.c >&5
configure:10350: $? = 0
configure:10357: result: yes
configure:10365: checking for inline
configure:10389: result: inline
configure:10407: checking whether byte ordering is bigendian
configure:10422: gcc -c -O0 -g  conftest.c >&5
conftest.c:30:9: error: unknown type name 'not'
   30 |         not a universal capable compiler
      |         ^~~
conftest.c:30:15: error: expected '=', ',', ';', 'asm' or '__attribute__' before 'universal'
   30 |         not a universal capable compiler
      |               ^~~~~~~~~
conftest.c:30:15: error: unknown type name 'universal'
configure:10422: $? = 1
configure: failed program was:
| /* confdefs.h */
| #define PACKAGE_NAME "poker-eval"
| #define PACKAGE_TARNAME "poker-eval"
| #define PACKAGE_VERSION "134.0"
| #define PACKAGE_STRING "poker-eval 134.0"
| #define PACKAGE_BUGREPORT ""
| #define PACKAGE_URL ""
| #define PACKAGE "poker-eval"
| #define VERSION "134.0"
| #define STDC_HEADERS 1
| #define HAVE_SYS_TYPES_H 1
| #define HAVE_SYS_STAT_H 1
| #define HAVE_STDLIB_H 1
| #define HAVE_STRING_H 1
| #define HAVE_MEMORY_H 1
| #define HAVE_STRINGS_H 1
| #define HAVE_INTTYPES_H 1
| #define HAVE_STDINT_H 1
| #define HAVE_UNISTD_H 1
| #define __EXTENSIONS__ 1
| #define _ALL_SOURCE 1
| #define _GNU_SOURCE 1
| #define _POSIX_PTHREAD_SEMANTICS 1
| #define _TANDEM_SOURCE 1
| #define HAVE_DLFCN_H 1
| #define LT_OBJDIR ".libs/"
| #define STDC_HEADERS 1
| /* end confdefs.h.  */
| #ifndef __APPLE_CC__
| 	       not a universal capable compiler
| 	     #endif
| 	     typedef int dummy;
| 
configure:10467: gcc -c -O0 -g  conftest.c >&5
configure:10467: $? = 0
configure:10485: gcc -c -O0 -g  conftest.c >&5
conftest.c: In function 'main':
conftest.c:36:4: error: unknown type name 'not'; did you mean 'ino_t'?
   36 |    not big endian
      |    ^~~
      |    ino_t
conftest.c:36:12: error: expected '=', ',', ';', 'asm' or '__attribute__' before 'endian'
   36 |    not big endian
      |            ^~~~~~
configure:10485: $? = 1
configure: failed program was:
| /* confdefs.h */
| #define PACKAGE_NAME "poker-eval"
| #define PACKAGE_TARNAME "poker-eval"
| #define PACKAGE_VERSION "134.0"
| #define PACKAGE_STRING "poker-eval 134.0"
| #define PACKAGE_BUGREPORT ""
| #define PACKAGE_URL ""
| #define PACKAGE "poker-eval"
| #define VERSION "134.0"
| #define STDC_HEADERS 1
| #define HAVE_SYS_TYPES_H 1
| #define HAVE_SYS_STAT_H 1
| #define HAVE_STDLIB_H 1
| #define HAVE_STRING_H 1
| #define HAVE_MEMORY_H 1
| #define HAVE_STRINGS_H 1
| #define HAVE_INTTYPES_H 1
| #define HAVE_STDINT_H 1
| #define HAVE_UNISTD_H 1
| #define __EXTENSIONS__ 1
| #define _ALL_SOURCE 1
| #define _GNU_SOURCE 1
| #define _POSIX_PTHREAD_SEMANTICS 1
| #define _TANDEM_SOURCE 1
| #define HAVE_DLFCN_H 1
| #define LT_OBJDIR ".libs/"
| #define STDC_HEADERS 1
| /* end confdefs.h.  */
| #include <sys/types.h>
| 		#include <sys/param.h>
| 
| int
| main ()
| {
| #if BYTE_ORDER != BIG_ENDIAN
| 		 not big endian
| 		#endif
| 
|   ;
|   return 0;
| }
configure:10613: result: no
configure:10635: checking size of long
configure:10640: gcc -o conftest -O0 -g   conftest.c  >&5
configure:10640: $? = 0
configure:10640: ./conftest
configure:10640: $? = 0
configure:10654: result: 8
configure:10666: checking for unistd.h
configure:10666: result: yes
configure:10678: checking for sys/stat.h
configure:10678: result: yes
configure:10688: checking for long long
configure:10688: gcc -c -O0 -g  conftest.c >&5
configure:10688: $? = 0
configure:10688: gcc -c -O0 -g  conftest.c >&5
conftest.c: In function 'main':
conftest.c:68:24: error: expected expression before ')' token
   68 | if (sizeof ((long long)))
      |                        ^
configure:10688: $? = 1
configure: failed program was:
| /* confdefs.h */
| #define PACKAGE_NAME "poker-eval"
| #define PACKAGE_TARNAME "poker-eval"
| #define PACKAGE_VERSION "134.0"
| #define PACKAGE_STRING "poker-eval 134.0"
| #define PACKAGE_BUGREPORT ""
| #define PACKAGE_URL ""
| #define PACKAGE "poker-eval"
| #define VERSION "134.0"
| #define STDC_HEADERS 1
| #define HAVE_SYS_TYPES_H 1
| #define HAVE_SYS_STAT_H 1
| #define HAVE_STDLIB_H 1
| #define HAVE_STRING_H 1
| #define HAVE_MEMORY_H 1
| #define HAVE_STRINGS_H 1
| #define HAVE_INTTYPES_H 1
| #define HAVE_STDINT_H 1
| #define HAVE_UNISTD_H 1
| #define __EXTENSIONS__ 1
| #define _ALL_SOURCE 1
| #define _GNU_SOURCE 1
| #define _POSIX_PTHREAD_SEMANTICS 1
| #define _TANDEM_SOURCE 1
| #define HAVE_DLFCN_H 1
| #define LT_OBJDIR ".libs/"
| #define STDC_HEADERS 1
| #define SIZEOF_LONG 8
| #define HAVE_UNISTD_H 1
| #define HAVE_SYS_STAT_H 1
| /* end confdefs.h.  */
| #include <stdio.h>
| #ifdef HAVE_SYS_TYPES_H
| # include <sys/types.h>
| #endif
| #ifdef HAVE_SYS_STAT_H
| # include <sys/stat.h>
| #endif
| #ifdef STDC_HEADERS
| # include <stdlib.h>
| # include <stddef.h>
| #else
| # ifdef HAVE_STDLIB_H
| #  include <stdlib.h>
| # endif
| #endif
| #ifdef HAVE_STRING_H
| # if !defined STDC_HEADERS && defined HAVE_MEMORY_H
| #  include <memory.h>
| # endif
| # include <string.h>
| #endif
| #ifdef HAVE_STRINGS_H
| # include <strings.h>
| #endif
| #ifdef HAVE_INTTYPES_H
| # include <inttypes.h>
| #endif
| #ifdef HAVE_STDINT_H
| # include <stdint.h>
| #endif
| #ifdef HAVE_UNISTD_H
| # include <unistd.h>
| #endif
| int
| main ()
| {
| if (sizeof ((long long)))
| 	    return 0;
|   ;
|   return 0;
| }
configure:10688: result: yes
configure:10697: checking for uint64_t
configure:10697: gcc -c -O0 -g  conftest.c >&5
configure:10697: $? = 0
configure:10697: gcc -c -O0 -g  conftest.c >&5
conftest.c: In function 'main':
conftest.c:69:23: error: expected expression before ')' token
   69 | if (sizeof ((uint64_t)))
      |                       ^
configure:10697: $? = 1
configure: failed program was:
| /* confdefs.h */
| #define PACKAGE_NAME "poker-eval"
| #define PACKAGE_TARNAME "poker-eval"
| #define PACKAGE_VERSION "134.0"
| #define PACKAGE_STRING "poker-eval 134.0"
| #define PACKAGE_BUGREPORT ""
| #define PACKAGE_URL ""
| #define PACKAGE "poker-eval"
| #define VERSION "134.0"
| #define STDC_HEADERS 1
| #define HAVE_SYS_TYPES_H 1
| #define HAVE_SYS_STAT_H 1
| #define HAVE_STDLIB_H 1
| #define HAVE_STRING_H 1
| #define HAVE_MEMORY_H 1
| #define HAVE_STRINGS_H 1
| #define HAVE_INTTYPES_H 1
| #define HAVE_STDINT_H 1
| #define HAVE_UNISTD_H 1
| #define __EXTENSIONS__ 1
| #define _ALL_SOURCE 1
| #define _GNU_SOURCE 1
| #define _POSIX_PTHREAD_SEMANTICS 1
| #define _TANDEM_SOURCE 1
| #define HAVE_DLFCN_H 1
| #define LT_OBJDIR ".libs/"
| #define STDC_HEADERS 1
| #define SIZEOF_LONG 8
| #define HAVE_UNISTD_H 1
| #define HAVE_SYS_STAT_H 1
| #define HAVE_LONG_LONG 1
| /* end confdefs.h.  */
| #include <stdio.h>
| #ifdef HAVE_SYS_TYPES_H
| # include <sys/types.h>
| #endif
| #ifdef HAVE_SYS_STAT_H
| # include <sys/stat.h>
| #endif
| #ifdef STDC_HEADERS
| # include <stdlib.h>
| # include <stddef.h>
| #else
| # ifdef HAVE_STDLIB_H
| #  include <stdlib.h>
| # endif
| #endif
| #ifdef HAVE_STRING_H
| # if !defined STDC_HEADERS && defined HAVE_MEMORY_H
| #  include <memory.h>
| # endif
| # include <string.h>
| #endif
| #ifdef HAVE_STRINGS_H
| # include <strings.h>
| #endif
| #ifdef HAVE_INTTYPES_H
| # include <inttypes.h>
| #endif
| #ifdef HAVE_STDINT_H
| # include <stdint.h>
| #endif
| #ifdef HAVE_UNISTD_H
| # include <unistd.h>
| #endif
| int
| main ()
| {
| if (sizeof ((uint64_t)))
| 	    return 0;
|   ;
|   return 0;
| }
configure:10697: result: yes
configure:10706: checking for int8
configure:10706: gcc -c -O0 -g  conftest.c >&5
conftest.c: In function 'main':
conftest.c:70:13: error: 'int8' undeclared (first use in this function); did you mean 'int'?
   70 | if (sizeof (int8))
      |             ^~~~
      |             int
conftest.c:70:13: note: each undeclared identifier is reported only once for each function it appears in
configure:10706: $? = 1
configure: failed program was:
| /* confdefs.h */
| #define PACKAGE_NAME "poker-eval"
| #define PACKAGE_TARNAME "poker-eval"
| #define PACKAGE_VERSION "134.0"
| #define PACKAGE_STRING "poker-eval 134.0"
| #define PACKAGE_BUGREPORT ""
| #define PACKAGE_URL ""
| #define PACKAGE "poker-eval"
| #define VERSION "134.0"
| #define STDC_HEADERS 1
| #define HAVE_SYS_TYPES_H 1
| #define HAVE_SYS_STAT_H 1
| #define HAVE_STDLIB_H 1
| #define HAVE_STRING_H 1
| #define HAVE_MEMORY_H 1
| #define HAVE_STRINGS_H 1
| #define HAVE_INTTYPES_H 1
| #define HAVE_STDINT_H 1
| #define HAVE_UNISTD_H 1
| #define __EXTENSIONS__ 1
| #define _ALL_SOURCE 1
| #define _GNU_SOURCE 1
| #define _POSIX_PTHREAD_SEMANTICS 1
| #define _TANDEM_SOURCE 1
| #define HAVE_DLFCN_H 1
| #define LT_OBJDIR ".libs/"
| #define STDC_HEADERS 1
| #define SIZEOF_LONG 8
| #define HAVE_UNISTD_H 1
| #define HAVE_SYS_STAT_H 1
| #define HAVE_LONG_LONG 1
| #define HAVE_UINT64_T 1
| /* end confdefs.h.  */
| #include <stdio.h>
| #ifdef HAVE_SYS_TYPES_H
| # include <sys/types.h>
| #endif
| #ifdef HAVE_SYS_STAT_H
| # include <sys/stat.h>
| #endif
| #ifdef STDC_HEADERS
| # include <stdlib.h>
| # include <stddef.h>
| #else
| # ifdef HAVE_STDLIB_H
| #  include <stdlib.h>
| # endif
| #endif
| #ifdef HAVE_STRING_H
| # if !defined STDC_HEADERS && defined HAVE_MEMORY_H
| #  include <memory.h>
| # endif
| # include <string.h>
| #endif
| #ifdef HAVE_STRINGS_H
| # include <strings.h>
| #endif
| #ifdef HAVE_INTTYPES_H
| # include <inttypes.h>
| #endif
| #ifdef HAVE_STDINT_H
| # include <stdint.h>
| #endif
| #ifdef HAVE_UNISTD_H
| # include <unistd.h>
| #endif
| int
| main ()
| {
| if (sizeof (int8))
| 	 return 0;
|   ;
|   return 0;
| }
configure:10706: result: no
configure:10728: checking for ccache
configure:10761: result: no
configure:10788: checking for gcov
configure:10806: found /usr/bin/gcov
configure:10818: result: /usr/bin/gcov
configure:10942: checking that generated files are newer than configure
configure:10948: result: done
configure:10976: creating ./config.status

## ---------------------- ##
## Running config.status. ##
## ---------------------- ##

This file was extended by poker-eval config.status 134.0, which was
generated by GNU Autoconf 2.69.  Invocation command line was

  CONFIG_FILES    = 
  CONFIG_HEADERS  = 
  CONFIG_LINKS    = 
  CONFIG_COMMANDS = 
  $ ./config.status 

on LAPTOP-64BM8OU2

config.status:1111: creating tests/run
config.status:1111: creating Makefile
config.status:1111: creating poker-eval.pc
config.status:1111: creating poker-eval.spec
config.status:1111: creating lib/Makefile
config.status:1111: creating include/Makefile
config.status:1111: creating examples/Makefile
config.status:1111: creating project/Makefile
config.status:1111: creating tests/Makefile
config.status:1111: creating include/config.h
config.status:1292: include/config.h is unchanged
config.status:1111: creating include/poker_config.h
config.status:1292: include/poker_config.h is unchanged
config.status:1340: executing depfiles commands
config.status:1417: cd lib       && sed -e '/# am--include-marker/d' Makefile         | make -f - am--depfiles
make: Nothing to be done for 'am--depfiles'.
config.status:1422: $? = 0
config.status:1417: cd examples       && sed -e '/# am--include-marker/d' Makefile         | make -f - am--depfiles
make: Nothing to be done for 'am--depfiles'.
config.status:1422: $? = 0
config.status:1417: cd project       && sed -e '/# am--include-marker/d' Makefile         | make -f - am--depfiles
make: Nothing to be done for 'am--depfiles'.
config.status:1422: $? = 0
config.status:1417: cd tests       && sed -e '/# am--include-marker/d' Makefile         | make -f - am--depfiles
make: Nothing to be done for 'am--depfiles'.
config.status:1422: $? = 0
config.status:1340: executing libtool commands

## ---------------- ##
## Cache variables. ##
## ---------------- ##

ac_cv_build=x86_64-unknown-linux-gnu
ac_cv_c_bigendian=no
ac_cv_c_compiler_gnu=yes
ac_cv_c_const=yes
ac_cv_c_inline=inline
ac_cv_env_CC_set=
ac_cv_env_CC_value=
ac_cv_env_CFLAGS_set=set
ac_cv_env_CFLAGS_value='-O0 -g'
ac_cv_env_CPPFLAGS_set=
ac_cv_env_CPPFLAGS_value=
ac_cv_env_CPP_set=
ac_cv_env_CPP_value=
ac_cv_env_LDFLAGS_set=
ac_cv_env_LDFLAGS_value=
ac_cv_env_LIBS_set=
ac_cv_env_LIBS_value=
ac_cv_env_LT_SYS_LIBRARY_PATH_set=
ac_cv_env_LT_SYS_LIBRARY_PATH_value=
ac_cv_env_build_alias_set=
ac_cv_env_build_alias_value=
ac_cv_env_host_alias_set=
ac_cv_env_host_alias_value=
ac_cv_env_target_alias_set=
ac_cv_env_target_alias_value=
ac_cv_header_dlfcn_h=yes
ac_cv_header_inttypes_h=yes
ac_cv_header_memory_h=yes
ac_cv_header_minix_config_h=no
ac_cv_header_stdc=yes
ac_cv_header_stdint_h=yes
ac_cv_header_stdlib_h=yes
ac_cv_header_string_h=yes
ac_cv_header_strings_h=yes
ac_cv_header_sys_stat_h=yes
ac_cv_header_sys_types_h=yes
ac_cv_header_unistd_h=yes
ac_cv_host=x86_64-unknown-linux-gnu
ac_cv_objext=o
ac_cv_path_AWK=/usr/bin/awk
ac_cv_path_EGREP='/usr/bin/grep -E'
ac_cv_path_FGREP='/usr/bin/grep -F'
ac_cv_path_GCOV=/usr/bin/gcov
ac_cv_path_GREP=/usr/bin/grep
ac_cv_path_MD5SUM=/usr/bin/md5sum
ac_cv_path_SED=/usr/bin/sed
ac_cv_path_install='/usr/bin/install -c'
ac_cv_path_lt_DD=/usr/bin/dd
ac_cv_path_mkdir=/usr/bin/mkdir
ac_cv_prog_AWK=gawk
ac_cv_prog_CPP='gcc -E'
ac_cv_prog_ac_ct_AR=ar
ac_cv_prog_ac_ct_CC=gcc
ac_cv_prog_ac_ct_MANIFEST_TOOL=mt
ac_cv_prog_ac_ct_OBJDUMP=objdump
ac_cv_prog_ac_ct_RANLIB=ranlib
ac_cv_prog_ac_ct_STRIP=strip
ac_cv_prog_cc_c89=
ac_cv_prog_cc_g=yes
ac_cv_prog_make_make_set=yes
ac_cv_safe_to_define___extensions__=yes
ac_cv_search_strerror='none required'
ac_cv_sizeof_long=8
ac_cv_target=x86_64-unknown-linux-gnu
ac_cv_type_int8=no
ac_cv_type_long_long=yes
ac_cv_type_uint64_t=yes
am_cv_CC_dependencies_compiler_type=gcc3
am_cv_make_support_nested_variables=yes
am_cv_prog_cc_c_o=yes
lt_cv_ar_at_file=@
lt_cv_deplibs_check_method=pass_all
lt_cv_file_magic_cmd='$MAGIC_CMD'
lt_cv_file_magic_test_file=
lt_cv_ld_reload_flag=-r
lt_cv_nm_interface='BSD nm'
lt_cv_objdir=.libs
lt_cv_path_LD=/usr/bin/ld
lt_cv_path_NM='/usr/bin/nm -B'
lt_cv_path_mainfest_tool=no
lt_cv_prog_compiler_c_o=yes
lt_cv_prog_compiler_pic='-fPIC -DPIC'
lt_cv_prog_compiler_pic_works=yes
lt_cv_prog_compiler_rtti_exceptions=no
lt_cv_prog_compiler_static_works=yes
lt_cv_prog_gnu_ld=yes
lt_cv_sharedlib_from_linklib_cmd='printf %s\n'
lt_cv_shlibpath_overrides_runpath=yes
lt_cv_sys_global_symbol_pipe='sed -n -e '\''s/^.*[	 ]\([ABCDGIRSTW][ABCDGIRSTW]*\)[	 ][	 ]*\([_A-Za-z][_A-Za-z0-9]*\)$/\1 \2 \2/p'\'' | sed '\''/ __gnu_lto/d'\'''
lt_cv_sys_global_symbol_to_c_name_address='sed -n -e '\''s/^: \(.*\) .*$/  {"\1", (void *) 0},/p'\'' -e '\''s/^[ABCDGIRSTW][ABCDGIRSTW]* .* \(.*\)$/  {"\1", (void *) \&\1},/p'\'''
lt_cv_sys_global_symbol_to_c_name_address_lib_prefix='sed -n -e '\''s/^: \(.*\) .*$/  {"\1", (void *) 0},/p'\'' -e '\''s/^[ABCDGIRSTW][ABCDGIRSTW]* .* \(lib.*\)$/  {"\1", (void *) \&\1},/p'\'' -e '\''s/^[ABCDGIRSTW][ABCDGIRSTW]* .* \(.*\)$/  {"lib\1", (void *) \&\1},/p'\'''
lt_cv_sys_global_symbol_to_cdecl='sed -n -e '\''s/^T .* \(.*\)$/extern int \1();/p'\'' -e '\''s/^[ABCDGIRSTW][ABCDGIRSTW]* .* \(.*\)$/extern char \1;/p'\'''
lt_cv_sys_global_symbol_to_import=
lt_cv_sys_max_cmd_len=1572864
lt_cv_to_host_file_cmd=func_convert_file_noop
lt_cv_to_tool_file_cmd=func_convert_file_noop
lt_cv_truncate_bin='/usr/bin/dd bs=4096 count=1'

## ----------------- ##
## Output variables. ##
## ----------------- ##

ACLOCAL='aclocal-1.16'
AMDEPBACKSLASH='\'
AMDEP_FALSE='#'
AMDEP_TRUE=''
AMTAR='$${TAR-tar}'
AM_BACKSLASH='\'
AM_DEFAULT_V='$(AM_DEFAULT_VERBOSITY)'
AM_DEFAULT_VERBOSITY='1'
AM_V='$(V)'
AR='ar'
AUTOCONF='autoconf'
AUTOHEADER='autoheader'
AUTOMAKE='automake-1.16'
AWK='/usr/bin/awk'
CC='gcc'
CCACHE=''
CCDEPMODE='depmode=gcc3'
CFLAGS='-O0 -g'
CPP='gcc -E'
CPPFLAGS=''
CYGPATH_W='echo'
DEFS='-DHAVE_CONFIG_H'
DEPDIR='.deps'
DLLTOOL='false'
DSYMUTIL=''
DUMPBIN=''
ECHO_C=''
ECHO_N='-n'
ECHO_T=''
EGREP='/usr/bin/grep -E'
EXEEXT=''
FGREP='/usr/bin/grep -F'
GCOV='/usr/bin/gcov'
GCOV_CPPFLAGS=''
GCOV_FLAGS=''
GCOV_LDFLAGS=''
GREP='/usr/bin/grep'
INSTALL_DATA='${INSTALL} -m 644'
INSTALL_PROGRAM='${INSTALL}'
INSTALL_SCRIPT='${INSTALL}'
INSTALL_STRIP_PROGRAM='$(install_sh) -c -s'
LD='/usr/bin/ld -m elf_x86_64'
LDFLAGS=''
LIBOBJS=''
LIBS=''
LIBTOOL='$(SHELL) $(top_builddir)/libtool'
LIPO=''
LN_S='ln -s'
LTLIBOBJS=''
LT_SYS_LIBRARY_PATH=''
MAKEINFO='makeinfo'
MANIFEST_TOOL=':'
MD5SUM='/usr/bin/md5sum'
MKDIR_P='/usr/bin/mkdir -p'
NM='/usr/bin/nm -B'
NMEDIT=''
OBJDUMP='objdump'
OBJEXT='o'
OTOOL64=''
OTOOL=''
PACKAGE='poker-eval'
PACKAGE_BUGREPORT=''
PACKAGE_NAME='poker-eval'
PACKAGE_STRING='poker-eval 134.0'
PACKAGE_TARNAME='poker-eval'
PACKAGE_URL=''
PACKAGE_VERSION='134.0'
PATH_SEPARATOR=':'
RANLIB='ranlib'
SED='/usr/bin/sed'
SET_MAKE=''
SHELL='/bin/bash'
STRIP='strip'
VALGRIND=''
VERSION='134.0'
ac_ct_AR='ar'
ac_ct_CC='gcc'
ac_ct_DUMPBIN=''
am__EXEEXT_FALSE=''
am__EXEEXT_TRUE='#'
am__fastdepCC_FALSE='#'
am__fastdepCC_TRUE=''
am__include='include'
am__isrc=''
am__leading_dot='.'
am__nodep='_no'
am__quote=''
am__tar='$${TAR-tar} chof - "$$tardir"'
am__untar='$${TAR-tar} xf -'
bindir='${exec_prefix}/bin'
build='x86_64-unknown-linux-gnu'
build_alias=''
build_cpu='x86_64'
build_os='linux-gnu'
build_vendor='unknown'
datadir='${datarootdir}'
datarootdir='${prefix}/share'
docdir='${datarootdir}/doc/${PACKAGE_TARNAME}'
dvidir='${docdir}'
exec_prefix='${prefix}'
host='x86_64-unknown-linux-gnu'
host_alias=''
host_cpu='x86_64'
host_os='linux-gnu'
host_vendor='unknown'
htmldir='${docdir}'
includedir='${prefix}/include'
infodir='${datarootdir}/info'
install_sh='${SHELL} /mnt/c/poker/XPokerEval/XPokerEval.PokerSource/config/install-sh'
libdir='${exec_prefix}/lib'
libexecdir='${exec_prefix}/libexec'
localedir='${datarootdir}/locale'
localstatedir='${prefix}/var'
mandir='${datarootdir}/man'
mkdir_p='$(MKDIR_P)'
oldincludedir='/usr/include'
pdfdir='${docdir}'
prefix='/usr/local'
program_transform_name='s,x,x,'
psdir='${docdir}'
runstatedir='${localstatedir}/run'
sbindir='${exec_prefix}/sbin'
sharedstatedir='${prefix}/com'
sysconfdir='${prefix}/etc'
target='x86_64-unknown-linux-gnu'
target_alias=''
target_cpu='x86_64'
target_os='linux-gnu'
target_vendor='unknown'

## ----------- ##
## confdefs.h. ##
## ----------- ##

/* confdefs.h */
#define PACKAGE_NAME "poker-eval"
#define PACKAGE_TARNAME "poker-eval"
#define PACKAGE_VERSION "134.0"
#define PACKAGE_STRING "poker-eval 134.0"
#define PACKAGE_BUGREPORT ""
#define PACKAGE_URL ""
#define PACKAGE "poker-eval"
#define VERSION "134.0"
#define STDC_HEADERS 1
#define HAVE_SYS_TYPES_H 1
#define HAVE_SYS_STAT_H 1
#define HAVE_STDLIB_H 1
#define HAVE_STRING_H 1
#define HAVE_MEMORY_H 1
#define HAVE_STRINGS_H 1
#define HAVE_INTTYPES_H 1
#define HAVE_STDINT_H 1
#define HAVE_UNISTD_H 1
#define __EXTENSIONS__ 1
#define _ALL_SOURCE 1
#define _GNU_SOURCE 1
#define _POSIX_PTHREAD_SEMANTICS 1
#define _TANDEM_SOURCE 1
#define HAVE_DLFCN_H 1
#define LT_OBJDIR ".libs/"
#define STDC_HEADERS 1
#define SIZEOF_LONG 8
#define HAVE_UNISTD_H 1
#define HAVE_SYS_STAT_H 1
#define HAVE_LONG_LONG 1
#define HAVE_UINT64_T 1

configure: exit 0
